Calculating task graph as no cached configuration is available for tasks: clean assembleDebug

> Configure project :app
WARNING: The option setting 'android.disallowKotlinSourceSets=false' is experimental.
The current default is 'true'.

> Task :memory-vault:preBuild UP-TO-DATE
> Task :ums:preBuild UP-TO-DATE
> Task :neuron-packet:preBuild UP-TO-DATE
> Task :system_encryptor:preBuild UP-TO-DATE
> Task :memory-vault:preDebugBuild UP-TO-DATE
> Task :app:preBuild UP-TO-DATE
> Task :ums:preDebugBuild UP-TO-DATE
> Task :app:preDebugBuild UP-TO-DATE
> Task :neuron-packet:preDebugBuild UP-TO-DATE
> Task :app:generateDebugAssets UP-TO-DATE
> Task :system_encryptor:preDebugBuild UP-TO-DATE
> Task :file_ops:generateDebugAssets UP-TO-DATE
> Task :file_ops:preBuild UP-TO-DATE
> Task :system_encryptor:generateDebugAssets UP-TO-DATE
> Task :file_ops:preDebugBuild UP-TO-DATE
> Task :neuron-packet:generateDebugAssets UP-TO-DATE
> Task :memory-vault:generateDebugAssets UP-TO-DATE
> Task :ums:generateDebugAssets UP-TO-DATE

> Task :file_ops:externalNativeBuildCleanRelease
Clean file_ops-arm64-v8a
Clean file_ops-x86_64

> Task :file_ops:externalNativeBuildCleanDebug
Clean file_ops-arm64-v8a
Clean file_ops-x86_64

> Task :neuron-packet:externalNativeBuildCleanDebug
Clean neuronpacket-arm64-v8a
Clean neuronpacket-x86_64

> Task :neuron-packet:externalNativeBuildCleanRelease
Clean neuronpacket-arm64-v8a
Clean neuronpacket-x86_64

> Task :system_encryptor:externalNativeBuildCleanRelease
Clean jitter_deltas-arm64-v8a, urandom_test-arm64-v8a, ContinuousCoverage-arm64-v8a, handshaker-arm64-v8a, test_support_lib-arm64-v8a, bssl_shim-arm64-v8a, ContinuousTest-arm64-v8a, pki-arm64-v8a, ExperimentalSubmit-arm64-v8a, fipsmodule-arm64-v8a, bssl_bench-arm64-v8a, ExperimentalCoverage-arm64-v8a, benchmark_main-arm64-v8a, ExperimentalMemCheck-arm64-v8a, boringssl_gtest-arm64-v8a, bssl-arm64-v8a, ContinuousSubmit-arm64-v8a, crypto_test-arm64-v8a, ContinuousStart-arm64-v8a, ContinuousUpdate-arm64-v8a, boringssl_all_tests-arm64-v8a, Nightly-arm64-v8a, ExperimentalStart-arm64-v8a, fips_specific_tests_if_any-arm64-v8a, ContinuousBuild-arm64-v8a, system_encryptor-arm64-v8a, pki_test-arm64-v8a, ContinuousMemCheck-arm64-v8a, ExperimentalBuild-arm64-v8a, benchmark-arm64-v8a, Experimental-arm64-v8a, ssl-arm64-v8a, ExperimentalConfigure-arm64-v8a, ssl_test-arm64-v8a, ContinuousConfigure-arm64-v8a, test_fips-arm64-v8a, NightlyTest-arm64-v8a, NightlyConfigure-arm64-v8a, ExperimentalTest-arm64-v8a, NightlyUpdate-arm64-v8a, crypto-arm64-v8a, NightlyMemCheck-arm64-v8a, NightlyBuild-arm64-v8a, decrepit-arm64-v8a, NightlyCoverage-arm64-v8a, ExperimentalUpdate-arm64-v8a, decrepit_test-arm64-v8a, NightlyMemoryCheck-arm64-v8a, Continuous-arm64-v8a, NightlyStart-arm64-v8a, NightlySubmit-arm64-v8a
C/C++: ninja: warning: premature end of file; recovering
Clean jitter_deltas-x86_64, urandom_test-x86_64, ContinuousCoverage-x86_64, handshaker-x86_64, test_support_lib-x86_64, bssl_shim-x86_64, ContinuousTest-x86_64, pki-x86_64, ExperimentalSubmit-x86_64, fipsmodule-x86_64, bssl_bench-x86_64, ExperimentalCoverage-x86_64, benchmark_main-x86_64, ExperimentalMemCheck-x86_64, boringssl_gtest-x86_64, bssl-x86_64, ContinuousSubmit-x86_64, crypto_test-x86_64, ContinuousStart-x86_64, ContinuousUpdate-x86_64, boringssl_all_tests-x86_64, Nightly-x86_64, ExperimentalStart-x86_64, fips_specific_tests_if_any-x86_64, ContinuousBuild-x86_64, system_encryptor-x86_64, pki_test-x86_64, ContinuousMemCheck-x86_64, ExperimentalBuild-x86_64, benchmark-x86_64, Experimental-x86_64, ssl-x86_64, ExperimentalConfigure-x86_64, ssl_test-x86_64, ContinuousConfigure-x86_64, test_fips-x86_64, NightlyTest-x86_64, NightlyConfigure-x86_64, ExperimentalTest-x86_64, NightlyUpdate-x86_64, crypto-x86_64, NightlyMemCheck-x86_64, NightlyBuild-x86_64, decrepit-x86_64, NightlyCoverage-x86_64, ExperimentalUpdate-x86_64, decrepit_test-x86_64, NightlyMemoryCheck-x86_64, Continuous-x86_64, NightlyStart-x86_64, NightlySubmit-x86_64
C/C++: ninja: warning: premature end of file; recovering

> Task :ums:externalNativeBuildCleanRelease
Clean jitter_deltas-arm64-v8a, urandom_test-arm64-v8a, ContinuousCoverage-arm64-v8a, handshaker-arm64-v8a, test_support_lib-arm64-v8a, bssl_shim-arm64-v8a, ContinuousTest-arm64-v8a, pki-arm64-v8a, ExperimentalSubmit-arm64-v8a, fipsmodule-arm64-v8a, bssl_bench-arm64-v8a, ExperimentalCoverage-arm64-v8a, benchmark_main-arm64-v8a, ExperimentalMemCheck-arm64-v8a, boringssl_gtest-arm64-v8a, bssl-arm64-v8a, ContinuousSubmit-arm64-v8a, crypto_test-arm64-v8a, ums-arm64-v8a, ContinuousStart-arm64-v8a, ContinuousUpdate-arm64-v8a, boringssl_all_tests-arm64-v8a, Nightly-arm64-v8a, ExperimentalStart-arm64-v8a, fips_specific_tests_if_any-arm64-v8a, ContinuousBuild-arm64-v8a, pki_test-arm64-v8a, ContinuousMemCheck-arm64-v8a, ExperimentalBuild-arm64-v8a, benchmark-arm64-v8a, Experimental-arm64-v8a, ssl-arm64-v8a, ExperimentalConfigure-arm64-v8a, ssl_test-arm64-v8a, ContinuousConfigure-arm64-v8a, test_fips-arm64-v8a, NightlyTest-arm64-v8a, NightlyConfigure-arm64-v8a, ExperimentalTest-arm64-v8a, NightlyUpdate-arm64-v8a, crypto-arm64-v8a, NightlyMemCheck-arm64-v8a, NightlyBuild-arm64-v8a, decrepit-arm64-v8a, NightlyCoverage-arm64-v8a, ExperimentalUpdate-arm64-v8a, decrepit_test-arm64-v8a, NightlyMemoryCheck-arm64-v8a, Continuous-arm64-v8a, NightlyStart-arm64-v8a, NightlySubmit-arm64-v8a
C/C++: ninja: warning: premature end of file; recovering
Clean jitter_deltas-x86_64, urandom_test-x86_64, ContinuousCoverage-x86_64, handshaker-x86_64, test_support_lib-x86_64, bssl_shim-x86_64, ContinuousTest-x86_64, pki-x86_64, ExperimentalSubmit-x86_64, fipsmodule-x86_64, bssl_bench-x86_64, ExperimentalCoverage-x86_64, benchmark_main-x86_64, ExperimentalMemCheck-x86_64, boringssl_gtest-x86_64, bssl-x86_64, ContinuousSubmit-x86_64, crypto_test-x86_64, ums-x86_64, ContinuousStart-x86_64, ContinuousUpdate-x86_64, boringssl_all_tests-x86_64, Nightly-x86_64, ExperimentalStart-x86_64, fips_specific_tests_if_any-x86_64, ContinuousBuild-x86_64, pki_test-x86_64, ContinuousMemCheck-x86_64, ExperimentalBuild-x86_64, benchmark-x86_64, Experimental-x86_64, ssl-x86_64, ExperimentalConfigure-x86_64, ssl_test-x86_64, ContinuousConfigure-x86_64, test_fips-x86_64, NightlyTest-x86_64, NightlyConfigure-x86_64, ExperimentalTest-x86_64, NightlyUpdate-x86_64, crypto-x86_64, NightlyMemCheck-x86_64, NightlyBuild-x86_64, decrepit-x86_64, NightlyCoverage-x86_64, ExperimentalUpdate-x86_64, decrepit_test-x86_64, NightlyMemoryCheck-x86_64, Continuous-x86_64, NightlyStart-x86_64, NightlySubmit-x86_64
C/C++: ninja: warning: premature end of file; recovering

> Task :system_encryptor:externalNativeBuildCleanDebug
Clean jitter_deltas-arm64-v8a, urandom_test-arm64-v8a, ContinuousCoverage-arm64-v8a, handshaker-arm64-v8a, test_support_lib-arm64-v8a, bssl_shim-arm64-v8a, ContinuousTest-arm64-v8a, pki-arm64-v8a, ExperimentalSubmit-arm64-v8a, fipsmodule-arm64-v8a, bssl_bench-arm64-v8a, ExperimentalCoverage-arm64-v8a, benchmark_main-arm64-v8a, ExperimentalMemCheck-arm64-v8a, boringssl_gtest-arm64-v8a, bssl-arm64-v8a, ContinuousSubmit-arm64-v8a, crypto_test-arm64-v8a, ContinuousStart-arm64-v8a, ContinuousUpdate-arm64-v8a, boringssl_all_tests-arm64-v8a, Nightly-arm64-v8a, ExperimentalStart-arm64-v8a, fips_specific_tests_if_any-arm64-v8a, ContinuousBuild-arm64-v8a, system_encryptor-arm64-v8a, pki_test-arm64-v8a, ContinuousMemCheck-arm64-v8a, ExperimentalBuild-arm64-v8a, benchmark-arm64-v8a, Experimental-arm64-v8a, ssl-arm64-v8a, ExperimentalConfigure-arm64-v8a, ssl_test-arm64-v8a, ContinuousConfigure-arm64-v8a, test_fips-arm64-v8a, NightlyTest-arm64-v8a, NightlyConfigure-arm64-v8a, ExperimentalTest-arm64-v8a, NightlyUpdate-arm64-v8a, crypto-arm64-v8a, NightlyMemCheck-arm64-v8a, NightlyBuild-arm64-v8a, decrepit-arm64-v8a, NightlyCoverage-arm64-v8a, ExperimentalUpdate-arm64-v8a, decrepit_test-arm64-v8a, NightlyMemoryCheck-arm64-v8a, Continuous-arm64-v8a, NightlyStart-arm64-v8a, NightlySubmit-arm64-v8a
Clean jitter_deltas-x86_64, urandom_test-x86_64, ContinuousCoverage-x86_64, handshaker-x86_64, test_support_lib-x86_64, bssl_shim-x86_64, ContinuousTest-x86_64, pki-x86_64, ExperimentalSubmit-x86_64, fipsmodule-x86_64, bssl_bench-x86_64, ExperimentalCoverage-x86_64, benchmark_main-x86_64, ExperimentalMemCheck-x86_64, boringssl_gtest-x86_64, bssl-x86_64, ContinuousSubmit-x86_64, crypto_test-x86_64, ContinuousStart-x86_64, ContinuousUpdate-x86_64, boringssl_all_tests-x86_64, Nightly-x86_64, ExperimentalStart-x86_64, fips_specific_tests_if_any-x86_64, ContinuousBuild-x86_64, system_encryptor-x86_64, pki_test-x86_64, ContinuousMemCheck-x86_64, ExperimentalBuild-x86_64, benchmark-x86_64, Experimental-x86_64, ssl-x86_64, ExperimentalConfigure-x86_64, ssl_test-x86_64, ContinuousConfigure-x86_64, test_fips-x86_64, NightlyTest-x86_64, NightlyConfigure-x86_64, ExperimentalTest-x86_64, NightlyUpdate-x86_64, crypto-x86_64, NightlyMemCheck-x86_64, NightlyBuild-x86_64, decrepit-x86_64, NightlyCoverage-x86_64, ExperimentalUpdate-x86_64, decrepit_test-x86_64, NightlyMemoryCheck-x86_64, Continuous-x86_64, NightlyStart-x86_64, NightlySubmit-x86_64

> Task :ums:externalNativeBuildCleanDebug
Clean jitter_deltas-arm64-v8a, urandom_test-arm64-v8a, ContinuousCoverage-arm64-v8a, handshaker-arm64-v8a, test_support_lib-arm64-v8a, bssl_shim-arm64-v8a, ContinuousTest-arm64-v8a, pki-arm64-v8a, ExperimentalSubmit-arm64-v8a, fipsmodule-arm64-v8a, bssl_bench-arm64-v8a, ExperimentalCoverage-arm64-v8a, benchmark_main-arm64-v8a, ExperimentalMemCheck-arm64-v8a, boringssl_gtest-arm64-v8a, bssl-arm64-v8a, ContinuousSubmit-arm64-v8a, crypto_test-arm64-v8a, ums-arm64-v8a, ContinuousStart-arm64-v8a, ContinuousUpdate-arm64-v8a, boringssl_all_tests-arm64-v8a, Nightly-arm64-v8a, ExperimentalStart-arm64-v8a, fips_specific_tests_if_any-arm64-v8a, ContinuousBuild-arm64-v8a, pki_test-arm64-v8a, ContinuousMemCheck-arm64-v8a, ExperimentalBuild-arm64-v8a, benchmark-arm64-v8a, Experimental-arm64-v8a, ssl-arm64-v8a, ExperimentalConfigure-arm64-v8a, ssl_test-arm64-v8a, ContinuousConfigure-arm64-v8a, test_fips-arm64-v8a, NightlyTest-arm64-v8a, NightlyConfigure-arm64-v8a, ExperimentalTest-arm64-v8a, NightlyUpdate-arm64-v8a, crypto-arm64-v8a, NightlyMemCheck-arm64-v8a, NightlyBuild-arm64-v8a, decrepit-arm64-v8a, NightlyCoverage-arm64-v8a, ExperimentalUpdate-arm64-v8a, decrepit_test-arm64-v8a, NightlyMemoryCheck-arm64-v8a, Continuous-arm64-v8a, NightlyStart-arm64-v8a, NightlySubmit-arm64-v8a
Clean jitter_deltas-x86_64, urandom_test-x86_64, ContinuousCoverage-x86_64, handshaker-x86_64, test_support_lib-x86_64, bssl_shim-x86_64, ContinuousTest-x86_64, pki-x86_64, ExperimentalSubmit-x86_64, fipsmodule-x86_64, bssl_bench-x86_64, ExperimentalCoverage-x86_64, benchmark_main-x86_64, ExperimentalMemCheck-x86_64, boringssl_gtest-x86_64, bssl-x86_64, ContinuousSubmit-x86_64, crypto_test-x86_64, ums-x86_64, ContinuousStart-x86_64, ContinuousUpdate-x86_64, boringssl_all_tests-x86_64, Nightly-x86_64, ExperimentalStart-x86_64, fips_specific_tests_if_any-x86_64, ContinuousBuild-x86_64, pki_test-x86_64, ContinuousMemCheck-x86_64, ExperimentalBuild-x86_64, benchmark-x86_64, Experimental-x86_64, ssl-x86_64, ExperimentalConfigure-x86_64, ssl_test-x86_64, ContinuousConfigure-x86_64, test_fips-x86_64, NightlyTest-x86_64, NightlyConfigure-x86_64, ExperimentalTest-x86_64, NightlyUpdate-x86_64, crypto-x86_64, NightlyMemCheck-x86_64, NightlyBuild-x86_64, decrepit-x86_64, NightlyCoverage-x86_64, ExperimentalUpdate-x86_64, decrepit_test-x86_64, NightlyMemoryCheck-x86_64, Continuous-x86_64, NightlyStart-x86_64, NightlySubmit-x86_64

> Task :file_ops:clean
> Task :file_ops:processDebugNavigationResources
> Task :file_ops:mapDebugSourceSetPaths
> Task :file_ops:extractDeepLinksForAarDebug UP-TO-DATE
> Task :file_ops:javaPreCompileDebug
> Task :file_ops:writeDebugAarMetadata
> Task :file_ops:prepareDebugArtProfile UP-TO-DATE
> Task :file_ops:extractDeepLinksDebug
> Task :file_ops:prepareLintJarForPublish UP-TO-DATE
> Task :file_ops:generateDebugResources
> Task :file_ops:mergeDebugJniLibFolders
> Task :file_ops:mergeDebugAssets
> Task :file_ops:processDebugManifest
> Task :file_ops:checkDebugAarMetadata
> Task :file_ops:configureCMakeDebug[x86_64]
> Task :file_ops:configureCMakeDebug[arm64-v8a]
> Task :file_ops:packageDebugResources
> Task :file_ops:compileDebugLibraryResources
> Task :file_ops:parseDebugLocalResources
> Task :file_ops:generateDebugRFile
> Task :file_ops:compileDebugKotlin NO-SOURCE
> Task :file_ops:compileDebugJavaWithJavac NO-SOURCE
> Task :file_ops:processDebugJavaRes NO-SOURCE
> Task :file_ops:mergeDebugGeneratedProguardFiles UP-TO-DATE
> Task :file_ops:extractDebugAnnotations
> Task :file_ops:bundleLibRuntimeToJarDebug
> Task :file_ops:bundleLibRuntimeToDirDebug
> Task :file_ops:bundleLibCompileToJarDebug
> Task :file_ops:mergeDebugConsumerProguardFiles
> Task :file_ops:mergeDebugJavaResource
> Task :file_ops:syncDebugLibJars
> Task :memory-vault:clean
> Task :memory-vault:processDebugNavigationResources
> Task :memory-vault:extractDeepLinksForAarDebug UP-TO-DATE
> Task :memory-vault:mapDebugSourceSetPaths
> Task :memory-vault:prepareDebugArtProfile UP-TO-DATE
> Task :memory-vault:prepareLintJarForPublish UP-TO-DATE
> Task :memory-vault:writeDebugAarMetadata
> Task :memory-vault:javaPreCompileDebug
> Task :memory-vault:mergeDebugAssets
> Task :memory-vault:extractDeepLinksDebug
> Task :memory-vault:mergeDebugJniLibFolders
> Task :memory-vault:mergeDebugNativeLibs NO-SOURCE
> Task :memory-vault:stripDebugDebugSymbols NO-SOURCE
> Task :memory-vault:copyDebugJniLibsProjectOnly
> Task :memory-vault:copyDebugJniLibsProjectAndLocalJars
> Task :memory-vault:generateDebugResources
> Task :memory-vault:checkDebugAarMetadata
> Task :memory-vault:processDebugManifest
> Task :memory-vault:packageDebugResources
> Task :memory-vault:compileDebugLibraryResources
> Task :memory-vault:parseDebugLocalResources
> Task :neuron-packet:clean
> Task :neuron-packet:processDebugNavigationResources
> Task :neuron-packet:mapDebugSourceSetPaths
> Task :neuron-packet:writeDebugAarMetadata
> Task :neuron-packet:javaPreCompileDebug
> Task :neuron-packet:extractDeepLinksDebug
> Task :neuron-packet:extractDeepLinksForAarDebug UP-TO-DATE
> Task :neuron-packet:prepareLintJarForPublish UP-TO-DATE
> Task :neuron-packet:prepareDebugArtProfile UP-TO-DATE
> Task :neuron-packet:mergeDebugAssets
> Task :memory-vault:generateDebugRFile
> Task :neuron-packet:processDebugManifest
> Task :neuron-packet:configureCMakeDebug[arm64-v8a]
> Task :neuron-packet:checkDebugAarMetadata
> Task :neuron-packet:configureCMakeDebug[x86_64]
> Task :neuron-packet:generateDebugResources
> Task :ums:clean
> Task :system_encryptor:clean
> Task :ums:processDebugNavigationResources
> Task :ums:javaPreCompileDebug
> Task :ums:writeDebugAarMetadata
> Task :system_encryptor:processDebugNavigationResources
> Task :memory-vault:extractDebugAnnotations
> Task :system_encryptor:writeDebugAarMetadata
> Task :system_encryptor:javaPreCompileDebug
> Task :system_encryptor:extractDeepLinksDebug
> Task :system_encryptor:mergeDebugAssets
> Task :ums:mergeDebugAssets
> Task :ums:extractDeepLinksDebug
> Task :neuron-packet:mergeDebugJniLibFolders
> Task :ums:generateDebugResources
> Task :system_encryptor:mapDebugSourceSetPaths
> Task :system_encryptor:generateDebugResources
> Task :ums:generateDebugBuildConfig
> Task :system_encryptor:mergeDebugJniLibFolders
> Task :ums:processDebugManifest
> Task :system_encryptor:processDebugManifest
> Task :system_encryptor:packageDebugResources
> Task :ums:mergeDebugJniLibFolders
> Task :system_encryptor:configureCMakeDebug[arm64-v8a]
> Task :neuron-packet:packageDebugResources
> Task :system_encryptor:compileDebugLibraryResources
> Task :ums:mapDebugSourceSetPaths
> Task :ums:configureCMakeDebug[x86_64]
> Task :system_encryptor:checkDebugAarMetadata
> Task :system_encryptor:extractDeepLinksForAarDebug UP-TO-DATE
> Task :system_encryptor:prepareDebugArtProfile UP-TO-DATE
> Task :system_encryptor:parseDebugLocalResources
> Task :neuron-packet:compileDebugLibraryResources
> Task :ums:packageDebugResources
> Task :system_encryptor:prepareLintJarForPublish UP-TO-DATE
> Task :ums:extractDeepLinksForAarDebug UP-TO-DATE
> Task :ums:prepareDebugArtProfile UP-TO-DATE
> Task :ums:prepareLintJarForPublish UP-TO-DATE
> Task :ums:configureCMakeDebug[arm64-v8a]
> Task :ums:parseDebugLocalResources
> Task :ums:checkDebugAarMetadata
> Task :neuron-packet:parseDebugLocalResources
> Task :system_encryptor:generateDebugRFile
> Task :ums:generateDebugRFile
> Task :system_encryptor:extractDebugAnnotations
> Task :ums:compileDebugLibraryResources
> Task :neuron-packet:generateDebugRFile
> Task :system_encryptor:configureCMakeDebug[x86_64]
> Task :neuron-packet:extractDebugAnnotations
> Task :system_encryptor:compileDebugKotlin
> Task :system_encryptor:compileDebugJavaWithJavac NO-SOURCE
> Task :system_encryptor:mergeDebugGeneratedProguardFiles UP-TO-DATE
> Task :system_encryptor:mergeDebugConsumerProguardFiles
> Task :system_encryptor:bundleLibCompileToJarDebug
> Task :ums:extractDebugAnnotations
> Task :system_encryptor:bundleLibRuntimeToJarDebug
> Task :system_encryptor:processDebugJavaRes
> Task :system_encryptor:bundleLibRuntimeToDirDebug
> Task :system_encryptor:mergeDebugJavaResource
> Task :system_encryptor:syncDebugLibJars
> Task :neuron-packet:compileDebugKotlin
> Task :neuron-packet:compileDebugJavaWithJavac NO-SOURCE
> Task :neuron-packet:mergeDebugGeneratedProguardFiles UP-TO-DATE
> Task :neuron-packet:processDebugJavaRes
> Task :neuron-packet:bundleLibCompileToJarDebug
> Task :neuron-packet:mergeDebugConsumerProguardFiles
> Task :neuron-packet:bundleLibRuntimeToJarDebug
> Task :neuron-packet:mergeDebugJavaResource
> Task :neuron-packet:syncDebugLibJars
> Task :ums:compileDebugKotlin
> Task :ums:processDebugJavaRes
> Task :ums:mergeDebugJavaResource
> Task :neuron-packet:bundleLibRuntimeToDirDebug
> Task :memory-vault:compileDebugKotlin
> Task :memory-vault:compileDebugJavaWithJavac NO-SOURCE
> Task :memory-vault:mergeDebugGeneratedProguardFiles UP-TO-DATE
> Task :memory-vault:mergeDebugConsumerProguardFiles
> Task :ums:compileDebugJavaWithJavac
> Task :ums:bundleLibCompileToJarDebug
> Task :ums:bundleLibRuntimeToJarDebug
> Task :ums:mergeDebugGeneratedProguardFiles UP-TO-DATE
> Task :ums:mergeDebugConsumerProguardFiles
> Task :ums:syncDebugLibJars
> Task :memory-vault:processDebugJavaRes
> Task :memory-vault:bundleLibCompileToJarDebug
> Task :memory-vault:bundleLibRuntimeToJarDebug
> Task :memory-vault:mergeDebugJavaResource
> Task :memory-vault:syncDebugLibJars
> Task :memory-vault:bundleDebugAar
> Task :memory-vault:assembleDebug
> Task :ums:bundleLibRuntimeToDirDebug
> Task :memory-vault:bundleLibRuntimeToDirDebug
> Task :app:clean
> Task :app:mergeDebugNativeDebugMetadata NO-SOURCE
> Task :app:generateDebugResources
> Task :app:generateDebugBuildConfig
> Task :app:processDebugNavigationResources
> Task :app:mapDebugSourceSetPaths
> Task :app:javaPreCompileDebug
> Task :app:createDebugCompatibleScreenManifests
> Task :app:extractDeepLinksDebug
> Task :app:checkDebugAarMetadata
> Task :app:compileDebugAidl
> Task :app:desugarDebugFileDependencies
> Task :app:validateSigningDebug
> Task :app:checkDebugDuplicateClasses
> Task :app:writeDebugAppMetadata
> Task :app:processDebugMainManifest
> Task :app:processDebugManifest
> Task :app:compileDebugNavigationResources
> Task :app:writeDebugSigningConfigVersions
> Task :app:mergeDebugJniLibFolders
> Task :app:processDebugManifestForPackage
> Task :app:mergeLibDexDebug
> Task :app:mergeDebugAssets
> Task :app:packageDebugResources
> Task :app:parseDebugLocalResources
> Task :app:generateDebugRFile
> Task :app:mergeDebugResources
> Task :app:compressDebugAssets
> Task :file_ops:buildCMakeDebug[x86_64]
> Task :file_ops:buildCMakeDebug[arm64-v8a]
> Task :file_ops:mergeDebugNativeLibs
> Task :file_ops:copyDebugJniLibsProjectOnly
> Task :file_ops:stripDebugDebugSymbols
> Task :file_ops:copyDebugJniLibsProjectAndLocalJars
> Task :file_ops:bundleDebugAar
> Task :file_ops:assembleDebug
> Task :neuron-packet:buildCMakeDebug[x86_64]
> Task :neuron-packet:buildCMakeDebug[arm64-v8a]
> Task :neuron-packet:mergeDebugNativeLibs
> Task :neuron-packet:copyDebugJniLibsProjectOnly
> Task :system_encryptor:buildCMakeDebug[arm64-v8a]
> Task :ums:buildCMakeDebug[x86_64]
> Task :ums:buildCMakeDebug[arm64-v8a]
> Task :system_encryptor:buildCMakeDebug[x86_64]
> Task :neuron-packet:stripDebugDebugSymbols
> Task :app:processDebugResources
> Task :neuron-packet:copyDebugJniLibsProjectAndLocalJars
> Task :neuron-packet:bundleDebugAar
> Task :neuron-packet:assembleDebug
> Task :app:mergeExtDexDebug
> Task :app:kspDebugKotlin
> Task :app:compileDebugKotlin
w: file:///C:/Users/marcu/AndroidStudioProjects/ToolNeuron/app/src/main/java/com/dark/tool_neuron/activity/MainActivity.kt:245:40 'fun <reified VM : ViewModel> hiltViewModel(viewModelStoreOwner: ViewModelStoreOwner = ..., key: String? = ...): VM' is deprecated. Moved to package: androidx.hilt.lifecycle.viewmodel.compose.
w: file:///C:/Users/marcu/AndroidStudioProjects/ToolNeuron/app/src/main/java/com/dark/tool_neuron/activity/MainActivity.kt:246:48 'fun <reified VM : ViewModel> hiltViewModel(viewModelStoreOwner: ViewModelStoreOwner = ..., key: String? = ...): VM' is deprecated. Moved to package: androidx.hilt.lifecycle.viewmodel.compose.
w: file:///C:/Users/marcu/AndroidStudioProjects/ToolNeuron/app/src/main/java/com/dark/tool_neuron/activity/RagActivity.kt:120:34 'fun <reified VM : ViewModel> hiltViewModel(viewModelStoreOwner: ViewModelStoreOwner = ..., key: String? = ...): VM' is deprecated. Moved to package: androidx.hilt.lifecycle.viewmodel.compose.
w: file:///C:/Users/marcu/AndroidStudioProjects/ToolNeuron/app/src/main/java/com/dark/tool_neuron/network/NsdHelper.kt:13:5 This annotation is currently applied to the value parameter only, but in the future it will also be applied to field.
- To opt in to applying to both value parameter and field, add '-Xannotation-default-target=param-property' to your compiler arguments.
- To keep applying to the value parameter only, use the '@param:' annotation target.

See https://youtrack.jetbrains.com/issue/KT-73255 for more details.
w: file:///C:/Users/marcu/AndroidStudioProjects/ToolNeuron/app/src/main/java/com/dark/tool_neuron/network/RemoteServer.kt:44:5 This annotation is currently applied to the value parameter only, but in the future it will also be applied to field.
- To opt in to applying to both value parameter and field, add '-Xannotation-default-target=param-property' to your compiler arguments.
- To keep applying to the value parameter only, use the '@param:' annotation target.

See https://youtrack.jetbrains.com/issue/KT-73255 for more details.
w: file:///C:/Users/marcu/AndroidStudioProjects/ToolNeuron/app/src/main/java/com/dark/tool_neuron/ui/screen/home/HomeBottomBar.kt:69:36 'fun <reified VM : ViewModel> hiltViewModel(viewModelStoreOwner: ViewModelStoreOwner = ..., key: String? = ...): VM' is deprecated. Moved to package: androidx.hilt.lifecycle.viewmodel.compose.
w: file:///C:/Users/marcu/AndroidStudioProjects/ToolNeuron/app/src/main/java/com/dark/tool_neuron/ui/screen/home/HomeBottomBar.kt:70:44 'fun <reified VM : ViewModel> hiltViewModel(viewModelStoreOwner: ViewModelStoreOwner = ..., key: String? = ...): VM' is deprecated. Moved to package: androidx.hilt.lifecycle.viewmodel.compose.
w: file:///C:/Users/marcu/AndroidStudioProjects/ToolNeuron/app/src/main/java/com/dark/tool_neuron/ui/screen/home/HomeBottomBar.kt:71:34 'fun <reified VM : ViewModel> hiltViewModel(viewModelStoreOwner: ViewModelStoreOwner = ..., key: String? = ...): VM' is deprecated. Moved to package: androidx.hilt.lifecycle.viewmodel.compose.
w: file:///C:/Users/marcu/AndroidStudioProjects/ToolNeuron/app/src/main/java/com/dark/tool_neuron/ui/screen/home/HomeBottomBar.kt:72:40 'fun <reified VM : ViewModel> hiltViewModel(viewModelStoreOwner: ViewModelStoreOwner = ..., key: String? = ...): VM' is deprecated. Moved to package: androidx.hilt.lifecycle.viewmodel.compose.
w: file:///C:/Users/marcu/AndroidStudioProjects/ToolNeuron/app/src/main/java/com/dark/tool_neuron/ui/screen/home/HomeBottomBar.kt:73:40 'fun <reified VM : ViewModel> hiltViewModel(viewModelStoreOwner: ViewModelStoreOwner = ..., key: String? = ...): VM' is deprecated. Moved to package: androidx.hilt.lifecycle.viewmodel.compose.
w: file:///C:/Users/marcu/AndroidStudioProjects/ToolNeuron/app/src/main/java/com/dark/tool_neuron/ui/screen/home/HomeDrawerScreen.kt:61:36 'fun <reified VM : ViewModel> hiltViewModel(viewModelStoreOwner: ViewModelStoreOwner = ..., key: String? = ...): VM' is deprecated. Moved to package: androidx.hilt.lifecycle.viewmodel.compose.
w: file:///C:/Users/marcu/AndroidStudioProjects/ToolNeuron/app/src/main/java/com/dark/tool_neuron/ui/screen/image_tools/ImageToolsScreen.kt:69:38 'fun <reified VM : ViewModel> hiltViewModel(viewModelStoreOwner: ViewModelStoreOwner = ..., key: String? = ...): VM' is deprecated. Moved to package: androidx.hilt.lifecycle.viewmodel.compose.
w: file:///C:/Users/marcu/AndroidStudioProjects/ToolNeuron/app/src/main/java/com/dark/tool_neuron/ui/screen/model_config/ModelConfigEditorScreen.kt:39:45 'fun <reified VM : ViewModel> hiltViewModel(viewModelStoreOwner: ViewModelStoreOwner = ..., key: String? = ...): VM' is deprecated. Moved to package: androidx.hilt.lifecycle.viewmodel.compose.
w: file:///C:/Users/marcu/AndroidStudioProjects/ToolNeuron/app/src/main/java/com/dark/tool_neuron/ui/screen/model_store/ModelStoreScreen.kt:42:66 'fun <reified VM : ViewModel> hiltViewModel(viewModelStoreOwner: ViewModelStoreOwner = ..., key: String? = ...): VM' is deprecated. Moved to package: androidx.hilt.lifecycle.viewmodel.compose.

> Task :app:processDebugJavaRes
> Task :app:compileDebugJavaWithJavac
> Task :app:hiltSyncDebug
> Task :app:hiltAggregateDepsDebug
> Task :app:mergeDebugJavaResource
> Task :app:hiltJavaCompileDebug
> Task :app:transformDebugClassesWithAsm
> Task :app:dexBuilderDebug
> Task :app:mergeDebugGlobalSynthetics
> Task :app:mergeProjectDexDebug
^C