Calculating task graph as no cached configuration is available for tasks: clean assembleDebug

> Configure project :app
WARNING: The option setting 'android.disallowKotlinSourceSets=false' is experimental.
The current default is 'true'.

> Task :memory-vault:preBuild UP-TO-DATE
> Task :app:generateDebugAssets UP-TO-DATE
> Task :memory-vault:generateDebugAssets UP-TO-DATE
> Task :neuron-packet:generateDebugAssets UP-TO-DATE
> Task :app:preBuild UP-TO-DATE
> Task :neuron-packet:preBuild UP-TO-DATE
> Task :memory-vault:preDebugBuild UP-TO-DATE
> Task :neuron-packet:preDebugBuild UP-TO-DATE
> Task :app:preDebugBuild UP-TO-DATE

> Task :neuron-packet:externalNativeBuildCleanDebug
Clean neuronpacket-arm64-v8a
Clean neuronpacket-x86_64

> Task :neuron-packet:externalNativeBuildCleanRelease
Clean neuronpacket-arm64-v8a
Clean neuronpacket-x86_64

> Task :neuron-packet:clean
> Task :neuron-packet:extractDeepLinksForAarDebug UP-TO-DATE
> Task :neuron-packet:prepareDebugArtProfile UP-TO-DATE
> Task :neuron-packet:prepareLintJarForPublish UP-TO-DATE
> Task :neuron-packet:processDebugNavigationResources
> Task :neuron-packet:mapDebugSourceSetPaths
> Task :neuron-packet:extractDeepLinksDebug
> Task :neuron-packet:writeDebugAarMetadata
> Task :neuron-packet:javaPreCompileDebug
> Task :neuron-packet:mergeDebugAssets
> Task :neuron-packet:configureCMakeDebug[arm64-v8a]
> Task :neuron-packet:configureCMakeDebug[x86_64]
> Task :neuron-packet:generateDebugResources
> Task :neuron-packet:processDebugManifest
> Task :neuron-packet:mergeDebugJniLibFolders
> Task :neuron-packet:checkDebugAarMetadata
> Task :memory-vault:clean
> Task :neuron-packet:packageDebugResources
> Task :memory-vault:extractDeepLinksForAarDebug UP-TO-DATE
> Task :memory-vault:prepareDebugArtProfile UP-TO-DATE
> Task :memory-vault:processDebugNavigationResources
> Task :memory-vault:prepareLintJarForPublish UP-TO-DATE
> Task :memory-vault:mapDebugSourceSetPaths
> Task :memory-vault:writeDebugAarMetadata
> Task :memory-vault:extractDeepLinksDebug
> Task :memory-vault:javaPreCompileDebug
> Task :memory-vault:mergeDebugJniLibFolders
> Task :memory-vault:mergeDebugNativeLibs NO-SOURCE
> Task :memory-vault:stripDebugDebugSymbols NO-SOURCE
> Task :memory-vault:checkDebugAarMetadata
> Task :memory-vault:generateDebugResources
> Task :memory-vault:copyDebugJniLibsProjectOnly
> Task :memory-vault:copyDebugJniLibsProjectAndLocalJars
> Task :memory-vault:mergeDebugAssets
> Task :neuron-packet:compileDebugLibraryResources
> Task :neuron-packet:parseDebugLocalResources
> Task :memory-vault:processDebugManifest
> Task :neuron-packet:generateDebugRFile
> Task :memory-vault:packageDebugResources
> Task :memory-vault:parseDebugLocalResources
> Task :memory-vault:compileDebugLibraryResources
> Task :neuron-packet:extractDebugAnnotations
> Task :memory-vault:generateDebugRFile
> Task :memory-vault:extractDebugAnnotations
> Task :neuron-packet:buildCMakeDebug[x86_64]
> Task :neuron-packet:buildCMakeDebug[arm64-v8a]
> Task :neuron-packet:mergeDebugNativeLibs
> Task :neuron-packet:copyDebugJniLibsProjectOnly
> Task :neuron-packet:stripDebugDebugSymbols
> Task :neuron-packet:copyDebugJniLibsProjectAndLocalJars
> Task :neuron-packet:compileDebugKotlin
> Task :neuron-packet:compileDebugJavaWithJavac NO-SOURCE
> Task :neuron-packet:mergeDebugGeneratedProguardFiles UP-TO-DATE
> Task :neuron-packet:mergeDebugConsumerProguardFiles
> Task :neuron-packet:processDebugJavaRes
> Task :neuron-packet:bundleLibRuntimeToJarDebug
> Task :neuron-packet:bundleLibCompileToJarDebug
> Task :neuron-packet:mergeDebugJavaResource
> Task :neuron-packet:syncDebugLibJars
> Task :neuron-packet:bundleLibRuntimeToDirDebug
> Task :neuron-packet:bundleDebugAar
> Task :neuron-packet:assembleDebug
> Task :memory-vault:compileDebugKotlin
> Task :memory-vault:compileDebugJavaWithJavac NO-SOURCE
> Task :memory-vault:mergeDebugGeneratedProguardFiles UP-TO-DATE
> Task :memory-vault:mergeDebugConsumerProguardFiles
> Task :memory-vault:processDebugJavaRes
> Task :memory-vault:mergeDebugJavaResource
> Task :memory-vault:bundleLibCompileToJarDebug
> Task :memory-vault:bundleLibRuntimeToJarDebug
> Task :memory-vault:syncDebugLibJars
> Task :memory-vault:bundleDebugAar
> Task :memory-vault:assembleDebug
> Task :memory-vault:bundleLibRuntimeToDirDebug
> Task :app:clean
> Task :app:mergeDebugNativeDebugMetadata NO-SOURCE
> Task :app:createDebugCompatibleScreenManifests
> Task :app:mapDebugSourceSetPaths
> Task :app:writeDebugSigningConfigVersions
> Task :app:writeDebugAppMetadata
> Task :app:generateDebugResources
> Task :app:mergeDebugJniLibFolders
> Task :app:validateSigningDebug
> Task :app:generateDebugBuildConfig
> Task :app:extractDeepLinksDebug
> Task :app:javaPreCompileDebug
> Task :app:processDebugNavigationResources
> Task :app:compileDebugNavigationResources
> Task :app:checkDebugAarMetadata
> Task :app:packageDebugResources
> Task :app:checkDebugDuplicateClasses
> Task :app:parseDebugLocalResources
> Task :app:processDebugMainManifest
> Task :app:processDebugManifest
> Task :app:processDebugManifestForPackage
> Task :app:mergeDebugAssets
> Task :app:generateDebugRFile
> Task :app:compileDebugAidl
> Task :app:desugarDebugFileDependencies
> Task :app:mergeDebugNativeLibs
> Task :app:mergeLibDexDebug
> Task :app:compressDebugAssets
> Task :app:stripDebugDebugSymbols
> Task :app:mergeDebugResources
> Task :app:processDebugResources
> Task :app:kspDebugKotlin
> Task :app:mergeExtDexDebug
> Task :app:compileDebugKotlin
w: file:///C:/Users/marcu/AndroidStudioProjects/ToolNeuron/app/src/main/java/com/dark/tool_neuron/network/NsdHelper.kt:13:5 This annotation is currently applied to the value parameter only, but in the future it will also be applied to field.
- To opt in to applying to both value parameter and field, add '-Xannotation-default-target=param-property' to your compiler arguments.
- To keep applying to the value parameter only, use the '@param:' annotation target.

See https://youtrack.jetbrains.com/issue/KT-73255 for more details.
w: file:///C:/Users/marcu/AndroidStudioProjects/ToolNeuron/app/src/main/java/com/dark/tool_neuron/ui/screen/SetupScreen.kt:323:25 'when' is exhaustive so 'else' is redundant here.
w: file:///C:/Users/marcu/AndroidStudioProjects/ToolNeuron/app/src/main/java/com/dark/tool_neuron/worker/MemoryExtractor.kt:317:52 Unnecessary non-null assertion (!!) on a non-null receiver of type 'FloatArray'.
w: file:///C:/Users/marcu/AndroidStudioProjects/ToolNeuron/app/src/main/java/com/dark/tool_neuron/worker/MemoryExtractor.kt:435:61 Unnecessary non-null assertion (!!) on a non-null receiver of type 'FloatArray'.

> Task :app:processDebugJavaRes
> Task :app:compileDebugJavaWithJavac
> Task :app:hiltSyncDebug
> Task :app:hiltAggregateDepsDebug
> Task :app:mergeDebugJavaResource
> Task :app:hiltJavaCompileDebug
> Task :app:transformDebugClassesWithAsm
> Task :app:dexBuilderDebug
> Task :app:mergeProjectDexDebug
> Task :app:mergeDebugGlobalSynthetics
> Task :app:packageDebug
> Task :app:assembleDebug
> Task :app:createDebugApkListingFileRedirect

BUILD SUCCESSFUL in 3m 4s
115 actionable tasks: 107 executed, 8 up-to-date
Configuration cache entry stored.
