Starting a Gradle Daemon, 1 busy and 1 stopped Daemons could not be reused, use --status for details
Reusing configuration cache.
> Task :ums:generateDebugAssets UP-TO-DATE
> Task :neuron-packet:preBuild UP-TO-DATE
> Task :memory-vault:preBuild UP-TO-DATE
> Task :file_ops:preBuild UP-TO-DATE
> Task :system_encryptor:preBuild UP-TO-DATE
> Task :ums:preBuild UP-TO-DATE
> Task :app:preBuild UP-TO-DATE
> Task :file_ops:generateDebugAssets UP-TO-DATE
> Task :system_encryptor:generateDebugAssets UP-TO-DATE
> Task :neuron-packet:generateDebugAssets UP-TO-DATE
> Task :app:generateDebugAssets UP-TO-DATE
> Task :memory-vault:generateDebugAssets UP-TO-DATE
> Task :system_encryptor:preDebugBuild UP-TO-DATE
> Task :file_ops:preDebugBuild UP-TO-DATE
> Task :neuron-packet:preDebugBuild UP-TO-DATE
> Task :memory-vault:preDebugBuild UP-TO-DATE
> Task :ums:preDebugBuild UP-TO-DATE
> Task :app:preDebugBuild UP-TO-DATE
> Task :app:mergeDebugNativeDebugMetadata NO-SOURCE
> Task :neuron-packet:prepareLintJarForPublish UP-TO-DATE
> Task :ums:prepareLintJarForPublish UP-TO-DATE
> Task :system_encryptor:prepareLintJarForPublish UP-TO-DATE
> Task :file_ops:prepareLintJarForPublish UP-TO-DATE
> Task :memory-vault:prepareLintJarForPublish UP-TO-DATE
> Task :file_ops:javaPreCompileDebug UP-TO-DATE
> Task :memory-vault:processDebugNavigationResources UP-TO-DATE
> Task :app:generateDebugBuildConfig UP-TO-DATE
> Task :file_ops:processDebugNavigationResources UP-TO-DATE
> Task :file_ops:generateDebugResources UP-TO-DATE
> Task :memory-vault:generateDebugResources UP-TO-DATE
> Task :system_encryptor:processDebugNavigationResources UP-TO-DATE
> Task :app:generateDebugResources UP-TO-DATE
> Task :ums:processDebugNavigationResources UP-TO-DATE
> Task :neuron-packet:processDebugNavigationResources UP-TO-DATE
> Task :memory-vault:javaPreCompileDebug UP-TO-DATE
> Task :neuron-packet:javaPreCompileDebug UP-TO-DATE
> Task :neuron-packet:generateDebugResources UP-TO-DATE
> Task :ums:generateDebugResources UP-TO-DATE
> Task :system_encryptor:javaPreCompileDebug UP-TO-DATE
> Task :ums:javaPreCompileDebug UP-TO-DATE
> Task :system_encryptor:generateDebugResources UP-TO-DATE
> Task :ums:generateDebugBuildConfig UP-TO-DATE
> Task :file_ops:writeDebugAarMetadata UP-TO-DATE
> Task :app:javaPreCompileDebug UP-TO-DATE
> Task :memory-vault:writeDebugAarMetadata UP-TO-DATE
> Task :neuron-packet:writeDebugAarMetadata UP-TO-DATE
> Task :file_ops:mergeDebugAssets UP-TO-DATE
> Task :memory-vault:mergeDebugAssets UP-TO-DATE
> Task :system_encryptor:mergeDebugAssets UP-TO-DATE
> Task :neuron-packet:mergeDebugAssets UP-TO-DATE
> Task :ums:mergeDebugAssets UP-TO-DATE
> Task :system_encryptor:writeDebugAarMetadata UP-TO-DATE
> Task :ums:writeDebugAarMetadata UP-TO-DATE
> Task :file_ops:extractDeepLinksDebug UP-TO-DATE
> Task :app:extractDeepLinksDebug UP-TO-DATE
> Task :app:mapDebugSourceSetPaths UP-TO-DATE
> Task :file_ops:packageDebugResources UP-TO-DATE
> Task :memory-vault:packageDebugResources UP-TO-DATE
> Task :neuron-packet:packageDebugResources UP-TO-DATE
> Task :neuron-packet:extractDeepLinksDebug UP-TO-DATE
> Task :ums:packageDebugResources UP-TO-DATE
> Task :system_encryptor:packageDebugResources UP-TO-DATE
> Task :memory-vault:extractDeepLinksDebug UP-TO-DATE
> Task :app:createDebugCompatibleScreenManifests UP-TO-DATE
> Task :system_encryptor:extractDeepLinksDebug UP-TO-DATE
> Task :memory-vault:processDebugManifest UP-TO-DATE
> Task :file_ops:processDebugManifest UP-TO-DATE
> Task :neuron-packet:processDebugManifest UP-TO-DATE
> Task :app:packageDebugResources UP-TO-DATE
> Task :ums:extractDeepLinksDebug UP-TO-DATE
> Task :file_ops:mapDebugSourceSetPaths UP-TO-DATE
> Task :memory-vault:mapDebugSourceSetPaths UP-TO-DATE
> Task :neuron-packet:mapDebugSourceSetPaths UP-TO-DATE
> Task :ums:processDebugManifest UP-TO-DATE
> Task :neuron-packet:compileDebugLibraryResources UP-TO-DATE
> Task :file_ops:compileDebugLibraryResources UP-TO-DATE
> Task :system_encryptor:processDebugManifest UP-TO-DATE
> Task :system_encryptor:mapDebugSourceSetPaths UP-TO-DATE
> Task :memory-vault:compileDebugLibraryResources UP-TO-DATE
> Task :ums:mapDebugSourceSetPaths UP-TO-DATE
> Task :system_encryptor:compileDebugLibraryResources UP-TO-DATE
> Task :app:mergeDebugJniLibFolders UP-TO-DATE
> Task :ums:parseDebugLocalResources UP-TO-DATE
> Task :ums:compileDebugLibraryResources UP-TO-DATE
> Task :system_encryptor:parseDebugLocalResources UP-TO-DATE
> Task :neuron-packet:parseDebugLocalResources UP-TO-DATE
> Task :file_ops:parseDebugLocalResources UP-TO-DATE
> Task :memory-vault:parseDebugLocalResources UP-TO-DATE
> Task :file_ops:mergeDebugJniLibFolders UP-TO-DATE
> Task :ums:generateDebugRFile UP-TO-DATE
> Task :neuron-packet:generateDebugRFile UP-TO-DATE
> Task :system_encryptor:generateDebugRFile UP-TO-DATE
> Task :memory-vault:mergeDebugJniLibFolders UP-TO-DATE
> Task :file_ops:generateDebugRFile UP-TO-DATE
> Task :memory-vault:mergeDebugNativeLibs NO-SOURCE
> Task :memory-vault:copyDebugJniLibsProjectOnly UP-TO-DATE
> Task :file_ops:compileDebugKotlin NO-SOURCE
> Task :memory-vault:generateDebugRFile UP-TO-DATE
> Task :file_ops:compileDebugJavaWithJavac NO-SOURCE
> Task :file_ops:bundleLibCompileToJarDebug UP-TO-DATE
> Task :file_ops:bundleLibRuntimeToJarDebug UP-TO-DATE
> Task :file_ops:processDebugJavaRes NO-SOURCE
> Task :file_ops:bundleLibRuntimeToDirDebug UP-TO-DATE
> Task :neuron-packet:mergeDebugJniLibFolders UP-TO-DATE
> Task :app:desugarDebugFileDependencies UP-TO-DATE

> Task :file_ops:configureCMakeDebug[x86_64]
[CXX5304] This version only understands SDK XML versions up to 3 but an SDK XML file of version 4 was encountered. This can happen if you use versions of Android Studio and the command-line tools that were released at different times.
[CXX5304] This version only understands SDK XML versions up to 3 but an SDK XML file of version 4 was encountered. This can happen if you use versions of Android Studio and the command-line tools that were released at different times.
[CXX5304] package.xml parsing problem. unerwartetes Element (URI:"", lokal:"canary-number"). Erwartete Elemente sind <{}codename>,<{}layoutlib>,<{}base-extension>,<{}api-level>,<{}extension-level>
[CXX5304] package.xml parsing problem. unerwartetes Element (URI:"", lokal:"canary-number"). Erwartete Elemente sind <{}codename>,<{}layoutlib>,<{}base-extension>,<{}api-level>,<{}extension-level>

> Task :system_encryptor:configureCMakeDebug[arm64-v8a]
> Task :file_ops:configureCMakeDebug[arm64-v8a]
> Task :neuron-packet:configureCMakeDebug[x86_64]
> Task :system_encryptor:configureCMakeDebug[x86_64]
> Task :neuron-packet:configureCMakeDebug[arm64-v8a]
> Task :system_encryptor:compileDebugKotlin UP-TO-DATE
> Task :system_encryptor:compileDebugJavaWithJavac NO-SOURCE
> Task :app:checkDebugAarMetadata UP-TO-DATE
> Task :app:mergeDebugAssets UP-TO-DATE
> Task :app:compileDebugAidl UP-TO-DATE
> Task :app:processDebugNavigationResources UP-TO-DATE
> Task :app:mergeDebugResources UP-TO-DATE
> Task :app:compileDebugNavigationResources UP-TO-DATE
> Task :app:parseDebugLocalResources UP-TO-DATE
> Task :app:generateDebugRFile UP-TO-DATE
> Task :app:checkDebugDuplicateClasses UP-TO-DATE
> Task :system_encryptor:mergeDebugJniLibFolders UP-TO-DATE
> Task :app:compressDebugAssets UP-TO-DATE
> Task :system_encryptor:bundleLibRuntimeToJarDebug
> Task :system_encryptor:processDebugJavaRes
> Task :file_ops:buildCMakeDebug[x86_64]
> Task :ums:configureCMakeDebug[arm64-v8a]
> Task :ums:mergeDebugJniLibFolders UP-TO-DATE
> Task :app:validateSigningDebug UP-TO-DATE
> Task :ums:configureCMakeDebug[x86_64]
> Task :app:writeDebugAppMetadata UP-TO-DATE
> Task :app:writeDebugSigningConfigVersions UP-TO-DATE
> Task :file_ops:buildCMakeDebug[arm64-v8a]
> Task :neuron-packet:buildCMakeDebug[arm64-v8a]
> Task :file_ops:mergeDebugNativeLibs UP-TO-DATE
> Task :neuron-packet:buildCMakeDebug[x86_64]
> Task :file_ops:extractDeepLinksForAarDebug UP-TO-DATE
> Task :file_ops:stripDebugDebugSymbols UP-TO-DATE
> Task :file_ops:copyDebugJniLibsProjectOnly UP-TO-DATE
> Task :file_ops:copyDebugJniLibsProjectAndLocalJars UP-TO-DATE
> Task :file_ops:prepareDebugArtProfile UP-TO-DATE
> Task :file_ops:mergeDebugGeneratedProguardFiles UP-TO-DATE
> Task :neuron-packet:mergeDebugNativeLibs UP-TO-DATE
> Task :file_ops:mergeDebugJavaResource UP-TO-DATE
> Task :file_ops:mergeDebugConsumerProguardFiles UP-TO-DATE
> Task :neuron-packet:copyDebugJniLibsProjectOnly UP-TO-DATE
> Task :memory-vault:stripDebugDebugSymbols NO-SOURCE
> Task :system_encryptor:buildCMakeDebug[x86_64]
> Task :memory-vault:extractDeepLinksForAarDebug UP-TO-DATE
> Task :memory-vault:copyDebugJniLibsProjectAndLocalJars UP-TO-DATE
> Task :memory-vault:prepareDebugArtProfile UP-TO-DATE
> Task :neuron-packet:stripDebugDebugSymbols UP-TO-DATE
> Task :neuron-packet:copyDebugJniLibsProjectAndLocalJars UP-TO-DATE
> Task :system_encryptor:buildCMakeDebug[arm64-v8a]
> Task :neuron-packet:extractDebugAnnotations UP-TO-DATE
> Task :neuron-packet:extractDeepLinksForAarDebug UP-TO-DATE
> Task :system_encryptor:mergeDebugNativeLibs UP-TO-DATE
> Task :neuron-packet:prepareDebugArtProfile UP-TO-DATE
> Task :system_encryptor:copyDebugJniLibsProjectOnly UP-TO-DATE
> Task :system_encryptor:stripDebugDebugSymbols UP-TO-DATE
> Task :system_encryptor:copyDebugJniLibsProjectAndLocalJars UP-TO-DATE
> Task :system_encryptor:extractDebugAnnotations UP-TO-DATE
> Task :system_encryptor:extractDeepLinksForAarDebug UP-TO-DATE
> Task :system_encryptor:mergeDebugGeneratedProguardFiles
> Task :memory-vault:extractDebugAnnotations
> Task :system_encryptor:prepareDebugArtProfile UP-TO-DATE
> Task :system_encryptor:mergeDebugConsumerProguardFiles
> Task :ums:buildCMakeDebug[x86_64]
> Task :ums:buildCMakeDebug[arm64-v8a]
> Task :ums:extractDeepLinksForAarDebug UP-TO-DATE
> Task :ums:mergeDebugNativeLibs UP-TO-DATE
> Task :ums:copyDebugJniLibsProjectOnly UP-TO-DATE
> Task :ums:prepareDebugArtProfile UP-TO-DATE
> Task :ums:stripDebugDebugSymbols UP-TO-DATE
> Task :neuron-packet:compileDebugKotlin UP-TO-DATE
> Task :neuron-packet:compileDebugJavaWithJavac NO-SOURCE
> Task :neuron-packet:bundleLibCompileToJarDebug
> Task :ums:copyDebugJniLibsProjectAndLocalJars
> Task :system_encryptor:mergeDebugJavaResource
> Task :neuron-packet:processDebugJavaRes
> Task :neuron-packet:mergeDebugGeneratedProguardFiles
> Task :neuron-packet:mergeDebugConsumerProguardFiles
> Task :neuron-packet:bundleLibRuntimeToJarDebug
> Task :file_ops:extractDebugAnnotations UP-TO-DATE
> Task :file_ops:syncDebugLibJars UP-TO-DATE
> Task :system_encryptor:syncDebugLibJars
> Task :neuron-packet:mergeDebugJavaResource
> Task :neuron-packet:syncDebugLibJars
> Task :neuron-packet:bundleLibRuntimeToDirDebug
> Task :neuron-packet:checkDebugAarMetadata UP-TO-DATE
> Task :system_encryptor:bundleLibCompileToJarDebug
> Task :ums:checkDebugAarMetadata UP-TO-DATE
> Task :ums:extractDebugAnnotations
> Task :system_encryptor:bundleLibRuntimeToDirDebug
> Task :system_encryptor:checkDebugAarMetadata UP-TO-DATE
> Task :memory-vault:checkDebugAarMetadata UP-TO-DATE
> Task :app:processDebugMainManifest UP-TO-DATE
> Task :app:processDebugManifest UP-TO-DATE
> Task :app:processDebugManifestForPackage UP-TO-DATE
> Task :app:mergeDebugNativeLibs UP-TO-DATE
> Task :file_ops:checkDebugAarMetadata UP-TO-DATE
> Task :file_ops:bundleDebugAar UP-TO-DATE
> Task :file_ops:assembleDebug UP-TO-DATE
> Task :app:mergeExtDexDebug UP-TO-DATE
> Task :system_encryptor:bundleDebugAar
> Task :system_encryptor:assembleDebug
> Task :neuron-packet:bundleDebugAar
> Task :neuron-packet:assembleDebug
> Task :app:stripDebugDebugSymbols
> Task :ums:compileDebugKotlin
> Task :ums:processDebugJavaRes
> Task :ums:mergeDebugJavaResource
> Task :ums:compileDebugJavaWithJavac
> Task :ums:mergeDebugGeneratedProguardFiles
> Task :ums:syncDebugLibJars
> Task :ums:mergeDebugConsumerProguardFiles
> Task :ums:bundleLibCompileToJarDebug
> Task :ums:bundleLibRuntimeToJarDebug
> Task :ums:bundleLibRuntimeToDirDebug
> Task :ums:bundleDebugAar
> Task :ums:assembleDebug
> Task :memory-vault:compileDebugKotlin
> Task :memory-vault:compileDebugJavaWithJavac NO-SOURCE
> Task :memory-vault:mergeDebugGeneratedProguardFiles
> Task :memory-vault:mergeDebugConsumerProguardFiles
> Task :memory-vault:processDebugJavaRes
> Task :memory-vault:mergeDebugJavaResource
> Task :memory-vault:bundleLibCompileToJarDebug
> Task :memory-vault:bundleLibRuntimeToJarDebug
> Task :memory-vault:syncDebugLibJars
> Task :memory-vault:bundleDebugAar
> Task :memory-vault:assembleDebug
> Task :memory-vault:bundleLibRuntimeToDirDebug
> Task :app:mergeLibDexDebug
> Task :app:processDebugResources
> Task :app:kspDebugKotlin

> Task :app:compileDebugKotlin FAILED
e: file:///C:/Users/marcu/AndroidStudioProjects/ToolNeuron/app/src/main/java/com/dark/tool_neuron/vault/VaultHelper.kt:324:45 Unresolved reference 'UUID'.

FAILURE: Build failed with an exception.

* What went wrong:
Execution failed for task ':app:compileDebugKotlin'.
> A failure occurred while executing org.jetbrains.kotlin.compilerRunner.GradleCompilerRunnerWithWorkers$GradleKotlinCompilerWorkAction
   > Compilation error. See log for more details

* Try:
> Run with --stacktrace option to get the stack trace.
> Run with --info or --debug option to get more log output.
> Run with --scan to get full insights from a Build Scan (powered by Develocity).
> Get more help at https://help.gradle.org.

BUILD FAILED in 1m 4s
206 actionable tasks: 63 executed, 143 up-to-date
Configuration cache entry reused.
